<?xml version="1.0" encoding="UTF-8"?>
<testsuite name="TestHelloWorld" tests="2" skipped="0" failures="0" errors="0" timestamp="2016-11-09T08:27:58" hostname="EN63256" time="0.05">
  <properties/>
  <testcase name="testDesc" classname="TestHelloWorld" time="0.042"/>
  <testcase name="testTitle" classname="TestHelloWorld" time="0.006"/>
  <system-out><![CDATA[]]></system-out>
  <system-err><![CDATA[]]></system-err>
</testsuite>
